<?xml version="1.0" encoding="UTF-8"?>
<testng-results skipped="0" failed="0" ignored="0" total="1" passed="1">
  <reporter-output>
  </reporter-output>
  <suite name="regression" duration-ms="8102" started-at="2023-01-13T21:07:47 CST" finished-at="2023-01-13T21:07:55 CST">
    <groups>
    </groups>
    <test name="LoginTest" duration-ms="8102" started-at="2023-01-13T21:07:47 CST" finished-at="2023-01-13T21:07:55 CST">
      <class name="test.AddCustmerTest">
        <test-method status="PASS" signature="validUserShouldBeAbleToAddCustomerFromListCustomer(java.lang.String,java.lang.String,java.lang.String,java.lang.String,java.lang.String,java.lang.String,java.lang.String,java.lang.String,java.lang.String,java.lang.String,java.lang.String)[pri:0, instance:test.AddCustmerTest@57e1b0c]" name="validUserShouldBeAbleToAddCustomerFromListCustomer" duration-ms="8082" started-at="2023-01-13T21:07:47 CST" finished-at="2023-01-13T21:07:55 CST">
          <params>
            <param index="0">
              <value>
                <![CDATA[demo@techfios.com]]>
              </value>
            </param>
            <param index="1">
              <value>
                <![CDATA[abc123]]>
              </value>
            </param>
            <param index="2">
              <value>
                <![CDATA[xml Project]]>
              </value>
            </param>
            <param index="3">
              <value>
                <![CDATA[Techfios]]>
              </value>
            </param>
            <param index="4">
              <value>
                <![CDATA[msxml@gmail.com]]>
              </value>
            </param>
            <param index="5">
              <value>
                <![CDATA[23456785]]>
              </value>
            </param>
            <param index="6">
              <value>
                <![CDATA[Techfios Building]]>
              </value>
            </param>
            <param index="7">
              <value>
                <![CDATA[Carrolton]]>
              </value>
            </param>
            <param index="8">
              <value>
                <![CDATA[United Kingdom]]>
              </value>
            </param>
            <param index="9">
              <value>
                <![CDATA[TX]]>
              </value>
            </param>
            <param index="10">
              <value>
                <![CDATA[75009]]>
              </value>
            </param>
          </params>
          <reporter-output>
          </reporter-output>
        </test-method> <!-- validUserShouldBeAbleToAddCustomerFromListCustomer -->
      </class> <!-- test.AddCustmerTest -->
    </test> <!-- LoginTest -->
  </suite> <!-- regression -->
</testng-results>
